Построение начато 29.12.2020 21:50:22.
     1>Проект "D:\Vlad\Программирование\Шабусов-8\Типы данных\Типы данных.vcxproj" в узле 2 (целевые объекты Build).
     1>ClCompile:
         C:\Program Files (x86)\Microsoft Visual Studio 11.0\VC\bin\CL.exe /c /ZI /nologo /W3 /WX- /Od /Oy- /D WIN32 /D _DEBUG /D _CONSOLE /D _UNICODE /D UNICODE /Gm /EHsc /RTC1 /MDd /GS /fp:precise /Zc:wchar_t /Zc:forScope /Fo"Debug\\" /Fd"Debug\vc110.pdb" /Gd /TP /analyze- /errorReport:prompt "Шабусов.cpp"
         Шабусов.cpp
     1>d:\vlad\программирование\шабусов-8\типы данных\шабусов.cpp(127): warning C4305: инициализация: усечение из "double" к "float"
     1>d:\vlad\программирование\шабусов-8\типы данных\шабусов.cpp(151): warning C4554: <<: проверьте порядок применения операторов на наличие ошибки; для четкого задания порядка используйте скобки
     1>d:\vlad\программирование\шабусов-8\типы данных\шабусов.cpp(152): warning C4554: <<: проверьте порядок применения операторов на наличие ошибки; для четкого задания порядка используйте скобки
     1>d:\vlad\программирование\шабусов-8\типы данных\шабусов.cpp(250): warning C4996: 'strcpy': This function or variable may be unsafe. Consider using strcpy_s instead. To disable deprecation, use _CRT_SECURE_NO_WARNINGS. See online help for details.
                 c:\program files (x86)\microsoft visual studio 11.0\vc\include\string.h(110): см. объявление "strcpy"
     1>d:\vlad\программирование\шабусов-8\типы данных\шабусов.cpp(252): warning C4996: 'strcpy': This function or variable may be unsafe. Consider using strcpy_s instead. To disable deprecation, use _CRT_SECURE_NO_WARNINGS. See online help for details.
                 c:\program files (x86)\microsoft visual studio 11.0\vc\include\string.h(110): см. объявление "strcpy"
     1>d:\vlad\программирование\шабусов-8\типы данных\шабусов.cpp(257): warning C4996: 'strcat': This function or variable may be unsafe. Consider using strcat_s instead. To disable deprecation, use _CRT_SECURE_NO_WARNINGS. See online help for details.
                 c:\program files (x86)\microsoft visual studio 11.0\vc\include\string.h(115): см. объявление "strcat"
     1>d:\vlad\программирование\шабусов-8\типы данных\шабусов.cpp(259): warning C4996: 'strcat': This function or variable may be unsafe. Consider using strcat_s instead. To disable deprecation, use _CRT_SECURE_NO_WARNINGS. See online help for details.
                 c:\program files (x86)\microsoft visual studio 11.0\vc\include\string.h(115): см. объявление "strcat"
     1>d:\vlad\программирование\шабусов-8\типы данных\шабусов.cpp(261): warning C4996: 'strcat': This function or variable may be unsafe. Consider using strcat_s instead. To disable deprecation, use _CRT_SECURE_NO_WARNINGS. See online help for details.
                 c:\program files (x86)\microsoft visual studio 11.0\vc\include\string.h(115): см. объявление "strcat"
     1>d:\vlad\программирование\шабусов-8\типы данных\шабусов.cpp(263): warning C4996: 'strcat': This function or variable may be unsafe. Consider using strcat_s instead. To disable deprecation, use _CRT_SECURE_NO_WARNINGS. See online help for details.
                 c:\program files (x86)\microsoft visual studio 11.0\vc\include\string.h(115): см. объявление "strcat"
     1>d:\vlad\программирование\шабусов-8\типы данных\шабусов.cpp(326): warning C4244: =: преобразование "short" в "char", возможна потеря данных
     1>d:\vlad\программирование\шабусов-8\типы данных\шабусов.cpp(329): warning C4305: =: усечение из "double" к "float"
     1>d:\vlad\программирование\шабусов-8\типы данных\шабусов.cpp(330): warning C4244: =: преобразование "float" в "char", возможна потеря данных
     1>d:\vlad\программирование\шабусов-8\типы данных\шабусов.cpp(330): warning C4244: =: преобразование "float" в "short", возможна потеря данных
     1>d:\vlad\программирование\шабусов-8\типы данных\шабусов.cpp(330): warning C4244: =: преобразование "float" в "int", возможна потеря данных
     1>d:\vlad\программирование\шабусов-8\типы данных\шабусов.cpp(332): warning C4244: =: преобразование "int" в "float", возможна потеря данных
       Link:
         C:\Program Files (x86)\Microsoft Visual Studio 11.0\VC\bin\link.exe /ERRORREPORT:PROMPT /OUT:"D:\Vlad\Программирование\Шабусов-8\Debug\Типы данных.exe" /INCREMENTAL /NOLOGO kernel32.lib user32.lib gdi32.lib winspool.lib comdlg32.lib advapi32.lib shell32.lib ole32.lib oleaut32.lib uuid.lib odbc32.lib odbccp32.lib /MANIFEST /MANIFESTUAC:"level='asInvoker' uiAccess='false'" /manifest:embed /DEBUG /PDB:"D:\Vlad\Программирование\Шабусов-8\Debug\Типы данных.pdb" /SUBSYSTEM:CONSOLE /TLBID:1 /DYNAMICBASE /NXCOMPAT /IMPLIB:"D:\Vlad\Программирование\Шабусов-8\Debug\Типы данных.lib" /MACHINE:X86 "Debug\Шабусов.obj"
         Типы данных.vcxproj -> D:\Vlad\Программирование\Шабусов-8\Debug\Типы данных.exe
     1>Построение проекта "D:\Vlad\Программирование\Шабусов-8\Типы данных\Типы данных.vcxproj" завершено (целевые объекты Build).

Построение успешно завершено.

Затраченное время: 00:00:02.60
